running egg_info
writing ../../build/weld_inspection/weld_inspection.egg-info/PKG-INFO
writing dependency_links to ../../build/weld_inspection/weld_inspection.egg-info/dependency_links.txt
writing entry points to ../../build/weld_inspection/weld_inspection.egg-info/entry_points.txt
writing requirements to ../../build/weld_inspection/weld_inspection.egg-info/requires.txt
writing top-level names to ../../build/weld_inspection/weld_inspection.egg-info/top_level.txt
reading manifest file '../../build/weld_inspection/weld_inspection.egg-info/SOURCES.txt'
writing manifest file '../../build/weld_inspection/weld_inspection.egg-info/SOURCES.txt'
running build
running build_py
copying weld_inspection/weld_inspector_node.py -> /home/svanik/ros2_ws/build/weld_inspection/build/lib/weld_inspection
running install
running install_lib
copying /home/svanik/ros2_ws/build/weld_inspection/build/lib/weld_inspection/weld_inspector_node.py -> /home/svanik/ros2_ws/install/weld_inspection/lib/python3.10/site-packages/weld_inspection
byte-compiling /home/svanik/ros2_ws/install/weld_inspection/lib/python3.10/site-packages/weld_inspection/weld_inspector_node.py to weld_inspector_node.cpython-310.pyc
running install_data
running install_egg_info
removing '/home/svanik/ros2_ws/install/weld_inspection/lib/python3.10/site-packages/weld_inspection-0.0.0-py3.10.egg-info' (and everything under it)
Copying ../../build/weld_inspection/weld_inspection.egg-info to /home/svanik/ros2_ws/install/weld_inspection/lib/python3.10/site-packages/weld_inspection-0.0.0-py3.10.egg-info
running install_scripts
Installing spawn_welds_node script to /home/svanik/ros2_ws/install/weld_inspection/lib/weld_inspection
Installing weld_inspector_node script to /home/svanik/ros2_ws/install/weld_inspection/lib/weld_inspection
writing list of installed files to '/home/svanik/ros2_ws/build/weld_inspection/install.log'
