/home/svanik/ros2_ws/install/weld_inspection/lib/python3.10/site-packages/weld_inspection/spawn_welds_node.py
/home/svanik/ros2_ws/install/weld_inspection/lib/python3.10/site-packages/weld_inspection/__init__.py
/home/svanik/ros2_ws/install/weld_inspection/lib/python3.10/site-packages/weld_inspection/weld_inspector_node.py
/home/svanik/ros2_ws/install/weld_inspection/lib/python3.10/site-packages/weld_inspection/__pycache__/spawn_welds_node.cpython-310.pyc
/home/svanik/ros2_ws/install/weld_inspection/lib/python3.10/site-packages/weld_inspection/__pycache__/__init__.cpython-310.pyc
/home/svanik/ros2_ws/install/weld_inspection/lib/python3.10/site-packages/weld_inspection/__pycache__/weld_inspector_node.cpython-310.pyc
/home/svanik/ros2_ws/install/weld_inspection/share/ament_index/resource_index/packages/weld_inspection
/home/svanik/ros2_ws/install/weld_inspection/share/weld_inspection/package.xml
/home/svanik/ros2_ws/install/weld_inspection/share/weld_inspection/launch/weld_inspection.launch.py
/home/svanik/ros2_ws/install/weld_inspection/share/weld_inspection/config/weld_inspection.rviz
/home/svanik/ros2_ws/install/weld_inspection/share/weld_inspection/worlds/weld_inspection.sdf
/home/svanik/ros2_ws/install/weld_inspection/share/weld_inspection/models
/home/svanik/ros2_ws/install/weld_inspection/lib/python3.10/site-packages/weld_inspection-0.0.0-py3.10.egg-info/dependency_links.txt
/home/svanik/ros2_ws/install/weld_inspection/lib/python3.10/site-packages/weld_inspection-0.0.0-py3.10.egg-info/entry_points.txt
/home/svanik/ros2_ws/install/weld_inspection/lib/python3.10/site-packages/weld_inspection-0.0.0-py3.10.egg-info/top_level.txt
/home/svanik/ros2_ws/install/weld_inspection/lib/python3.10/site-packages/weld_inspection-0.0.0-py3.10.egg-info/PKG-INFO
/home/svanik/ros2_ws/install/weld_inspection/lib/python3.10/site-packages/weld_inspection-0.0.0-py3.10.egg-info/zip-safe
/home/svanik/ros2_ws/install/weld_inspection/lib/python3.10/site-packages/weld_inspection-0.0.0-py3.10.egg-info/requires.txt
/home/svanik/ros2_ws/install/weld_inspection/lib/python3.10/site-packages/weld_inspection-0.0.0-py3.10.egg-info/SOURCES.txt
/home/svanik/ros2_ws/install/weld_inspection/lib/weld_inspection/spawn_welds_node
/home/svanik/ros2_ws/install/weld_inspection/lib/weld_inspection/weld_inspector_node
