[0.347s] Invoking command in '/home/svanik/ros2_ws/src/weld_inspection': PYTHONPATH=/home/svanik/ros2_ws/build/weld_inspection/prefix_override:/usr/lib/python3/dist-packages/colcon_core/task/python/colcon_distutils_commands:/home/svanik/ros2_ws/install/weld_inspection/lib/python3.10/site-packages:${PYTHONPATH} /usr/bin/python3 -W ignore:setup.py install is deprecated -W ignore:easy_install command is deprecated setup.py egg_info --egg-base ../../build/weld_inspection build --build-base /home/svanik/ros2_ws/build/weld_inspection/build install --record /home/svanik/ros2_ws/build/weld_inspection/install.log --single-version-externally-managed install_data
[0.485s] running egg_info
[0.485s] creating ../../build/weld_inspection/weld_inspection.egg-info
[0.485s] writing ../../build/weld_inspection/weld_inspection.egg-info/PKG-INFO
[0.485s] writing dependency_links to ../../build/weld_inspection/weld_inspection.egg-info/dependency_links.txt
[0.485s] writing entry points to ../../build/weld_inspection/weld_inspection.egg-info/entry_points.txt
[0.485s] writing requirements to ../../build/weld_inspection/weld_inspection.egg-info/requires.txt
[0.486s] writing top-level names to ../../build/weld_inspection/weld_inspection.egg-info/top_level.txt
[0.486s] writing manifest file '../../build/weld_inspection/weld_inspection.egg-info/SOURCES.txt'
[0.486s] reading manifest file '../../build/weld_inspection/weld_inspection.egg-info/SOURCES.txt'
[0.486s] writing manifest file '../../build/weld_inspection/weld_inspection.egg-info/SOURCES.txt'
[0.487s] running build
[0.487s] running build_py
[0.487s] creating /home/svanik/ros2_ws/build/weld_inspection/build
[0.487s] creating /home/svanik/ros2_ws/build/weld_inspection/build/lib
[0.487s] creating /home/svanik/ros2_ws/build/weld_inspection/build/lib/weld_inspection
[0.487s] copying weld_inspection/spawn_welds_node.py -> /home/svanik/ros2_ws/build/weld_inspection/build/lib/weld_inspection
[0.487s] copying weld_inspection/__init__.py -> /home/svanik/ros2_ws/build/weld_inspection/build/lib/weld_inspection
[0.487s] copying weld_inspection/weld_inspector_node.py -> /home/svanik/ros2_ws/build/weld_inspection/build/lib/weld_inspection
[0.487s] running install
[0.488s] running install_lib
[0.488s] creating /home/svanik/ros2_ws/install/weld_inspection/lib/python3.10/site-packages/weld_inspection
[0.488s] copying /home/svanik/ros2_ws/build/weld_inspection/build/lib/weld_inspection/spawn_welds_node.py -> /home/svanik/ros2_ws/install/weld_inspection/lib/python3.10/site-packages/weld_inspection
[0.489s] copying /home/svanik/ros2_ws/build/weld_inspection/build/lib/weld_inspection/__init__.py -> /home/svanik/ros2_ws/install/weld_inspection/lib/python3.10/site-packages/weld_inspection
[0.489s] copying /home/svanik/ros2_ws/build/weld_inspection/build/lib/weld_inspection/weld_inspector_node.py -> /home/svanik/ros2_ws/install/weld_inspection/lib/python3.10/site-packages/weld_inspection
[0.489s] byte-compiling /home/svanik/ros2_ws/install/weld_inspection/lib/python3.10/site-packages/weld_inspection/spawn_welds_node.py to spawn_welds_node.cpython-310.pyc
[0.493s] byte-compiling /home/svanik/ros2_ws/install/weld_inspection/lib/python3.10/site-packages/weld_inspection/__init__.py to __init__.cpython-310.pyc
[0.494s] byte-compiling /home/svanik/ros2_ws/install/weld_inspection/lib/python3.10/site-packages/weld_inspection/weld_inspector_node.py to weld_inspector_node.cpython-310.pyc
[0.496s] running install_data
[0.496s] creating /home/svanik/ros2_ws/install/weld_inspection/share/ament_index
[0.496s] creating /home/svanik/ros2_ws/install/weld_inspection/share/ament_index/resource_index
[0.496s] creating /home/svanik/ros2_ws/install/weld_inspection/share/ament_index/resource_index/packages
[0.496s] copying resource/weld_inspection -> /home/svanik/ros2_ws/install/weld_inspection/share/ament_index/resource_index/packages
[0.497s] copying package.xml -> /home/svanik/ros2_ws/install/weld_inspection/share/weld_inspection
[0.497s] creating /home/svanik/ros2_ws/install/weld_inspection/share/weld_inspection/launch
[0.497s] copying launch/weld_inspection.launch.py -> /home/svanik/ros2_ws/install/weld_inspection/share/weld_inspection/launch
[0.497s] creating /home/svanik/ros2_ws/install/weld_inspection/share/weld_inspection/config
[0.497s] copying config/weld_inspection.rviz -> /home/svanik/ros2_ws/install/weld_inspection/share/weld_inspection/config
[0.497s] creating /home/svanik/ros2_ws/install/weld_inspection/share/weld_inspection/worlds
[0.497s] copying worlds/weld_inspection.sdf -> /home/svanik/ros2_ws/install/weld_inspection/share/weld_inspection/worlds
[0.497s] creating /home/svanik/ros2_ws/install/weld_inspection/share/weld_inspection/models
[0.497s] running install_egg_info
[0.499s] Copying ../../build/weld_inspection/weld_inspection.egg-info to /home/svanik/ros2_ws/install/weld_inspection/lib/python3.10/site-packages/weld_inspection-0.0.0-py3.10.egg-info
[0.500s] running install_scripts
[0.519s] Installing spawn_welds_node script to /home/svanik/ros2_ws/install/weld_inspection/lib/weld_inspection
[0.520s] Installing weld_inspector_node script to /home/svanik/ros2_ws/install/weld_inspection/lib/weld_inspection
[0.520s] writing list of installed files to '/home/svanik/ros2_ws/build/weld_inspection/install.log'
[0.537s] Invoked command in '/home/svanik/ros2_ws/src/weld_inspection' returned '0': PYTHONPATH=/home/svanik/ros2_ws/build/weld_inspection/prefix_override:/usr/lib/python3/dist-packages/colcon_core/task/python/colcon_distutils_commands:/home/svanik/ros2_ws/install/weld_inspection/lib/python3.10/site-packages:${PYTHONPATH} /usr/bin/python3 -W ignore:setup.py install is deprecated -W ignore:easy_install command is deprecated setup.py egg_info --egg-base ../../build/weld_inspection build --build-base /home/svanik/ros2_ws/build/weld_inspection/build install --record /home/svanik/ros2_ws/build/weld_inspection/install.log --single-version-externally-managed install_data
